Using in-memory storage, skipping database initialization...
8:27:41 PM [express] Database initialized successfully
8:27:41 PM [express] serving on port 5001
8:29:39 PM [express] GET /api/ai-conversations 200 in 8ms :: []
8:30:15 PM [express] GET /api/restaurant 304 in 3ms :: {"name":"Bistro 23","description":"A modern r…
8:30:15 PM [express] GET /api/restaurant 304 in 1ms :: {"name":"Bistro 23","description":"A modern r…
8:30:20 PM [express] GET /api/restaurant 304 in 1ms :: {"name":"Bistro 23","description":"A modern r…
8:30:28 PM [express] GET /api/restaurant 304 in 1ms :: {"name":"Bistro 23","description":"A modern r…
8:30:30 PM [express] GET /api/loyalty-rewards 304 in 3ms :: [{"name":"Free Appetizer","description":…
8:30:34 PM [express] GET /api/categories 304 in 3ms :: [{"name":"Appetizers","displayOrder":1,"resta…
8:30:34 PM [express] GET /api/featured-items 304 in 1ms :: [{"name":"Grilled Salmon","description":"…
8:30:34 PM [express] GET /api/menu-items 304 in 4ms :: [{"name":"Bruschetta","description":"Toasted …
8:37:13 PM [express] POST /api/auth/register 201 in 5ms :: {"username":"testuser","name":"Test User"…
8:37:41 PM [express] POST /api/auth/login 200 in 3ms :: {"username":"testuser","name":"Test User","e…
8:38:02 PM [express] GET /api/categories 200 in 1ms :: [{"name":"Appetizers","displayOrder":1,"resta…
8:38:43 PM [express] GET /api/menu-items 200 in 2ms :: [{"name":"Bruschetta","description":"Toasted …
8:39:50 PM [express] GET /api/featured-items 200 in 1ms :: [{"name":"Grilled Salmon","description":"…
8:40:47 PM [express] POST /api/reservations 201 in 4ms :: {"userId":1,"date":"2025-06-15","time":"19…
8:41:25 PM [express] GET /api/user-reservations 200 in 1ms :: [{"userId":1,"date":"2025-06-15","time…
8:41:49 PM [express] POST /api/orders 400 in 2ms :: {"message":[{"code":"invalid_type","expected":"o…
8:42:07 PM [express] POST /api/orders 400 in 2ms :: {"message":[{"code":"invalid_type","expected":"o…
8:43:30 PM [express] POST /api/orders 400 in 5ms :: {"message":[{"code":"invalid_type","expected":"d…
8:44:11 PM [express] POST /api/orders 201 in 8ms :: {"userId":1,"totalPrice":27.48,"restaurantId":1,…
8:44:33 PM [express] GET /api/auth/user 200 in 2ms :: {"username":"testuser","name":"Test User","ema…
8:46:37 PM [express] GET /api/loyalty-rewards 200 in 3ms :: [{"name":"Free Appetizer","description":…
8:47:26 PM [express] POST /api/queue 200 in 5ms
8:48:53 PM [express] POST /api/queue-entries 400 in 3ms :: {"message":[{"code":"invalid_type","expec…
Twilio credentials not configured. Cannot send SMS notification.
Confirmation SMS failed for queue entry 1
8:52:49 PM [express] POST /api/queue-entries 201 in 9ms :: {"id":1,"userId":1,"restaurantId":1,"part…
9:16:03 PM [express] GET /api/queue-entries 200 in 5ms :: [{"id":1,"userId":1,"restaurantId":1,"part…
7:28:48 AM [express] GET /api/user-queue-entry 200 in 2ms :: {"id":1,"userId":1,"restaurantId":1,"pa…
7:29:00 AM [express] GET /api/orders 200 in 1ms :: [{"userId":1,"totalPrice":27.48,"restaurantId":1,…
7:29:05 AM [express] GET /api/user-reservations 200 in 2ms :: [{"userId":1,"date":"2025-06-15","time…
7:29:09 AM [express] GET /api/auth/user 200 in 1ms :: {"username":"testuser","name":"Test User","ema…
7:29:23 AM [express] GET /api/restaurants/1 200 in 4ms
7:29:27 AM [express] GET /api/reviews 200 in 1ms
SyntaxError: Bad escaped character in JSON at position 85 (line 1 column 86)
    at JSON.parse (<anonymous>)
    at parse (/Users/krissistrunk/Desktop/alwaysAccess.nosync/Sistronics/RestaurantRush/node_modules/body-parser/lib/types/json.js:92:19)
    at /Users/krissistrunk/Desktop/alwaysAccess.nosync/Sistronics/RestaurantRush/node_modules/body-parser/lib/read.js:128:18
    at AsyncResource.runInAsyncScope (node:async_hooks:211:14)
    at invokeCallback (/Users/krissistrunk/Desktop/alwaysAccess.nosync/Sistronics/RestaurantRush/node_modules/raw-body/index.js:238:16)
    at done (/Users/krissistrunk/Desktop/alwaysAccess.nosync/Sistronics/RestaurantRush/node_modules/raw-body/index.js:227:7)
    at IncomingMessage.onEnd (/Users/krissistrunk/Desktop/alwaysAccess.nosync/Sistronics/RestaurantRush/node_modules/raw-body/index.js:287:7)
    at IncomingMessage.emit (node:events:518:28)
    at endReadableNT (node:internal/streams/readable:1698:12)
    at process.processTicksAndRejections (node:internal/process/task_queues:90:21)
7:29:39 AM [express] GET /api/restaurants/1 200 in 2ms
SyntaxError: Bad escaped character in JSON at position 80 (line 1 column 81)
    at JSON.parse (<anonymous>)
    at parse (/Users/krissistrunk/Desktop/alwaysAccess.nosync/Sistronics/RestaurantRush/node_modules/body-parser/lib/types/json.js:92:19)
    at /Users/krissistrunk/Desktop/alwaysAccess.nosync/Sistronics/RestaurantRush/node_modules/body-parser/lib/read.js:128:18
    at AsyncResource.runInAsyncScope (node:async_hooks:211:14)
    at invokeCallback (/Users/krissistrunk/Desktop/alwaysAccess.nosync/Sistronics/RestaurantRush/node_modules/raw-body/index.js:238:16)
    at done (/Users/krissistrunk/Desktop/alwaysAccess.nosync/Sistronics/RestaurantRush/node_modules/raw-body/index.js:227:7)
    at IncomingMessage.onEnd (/Users/krissistrunk/Desktop/alwaysAccess.nosync/Sistronics/RestaurantRush/node_modules/raw-body/index.js:287:7)
    at IncomingMessage.emit (node:events:518:28)
    at endReadableNT (node:internal/streams/readable:1698:12)
    at process.processTicksAndRejections (node:internal/process/task_queues:90:21)
7:43:56 AM [express] GET /api/restaurants/1 200 in 6ms
7:44:20 AM [express] GET /api/restaurants/1 200 in 2ms
7:44:23 AM [express] GET /api/orders 200 in 3ms :: [{"userId":1,"totalPrice":27.48,"restaurantId":1,…
7:44:26 AM [express] GET /api/auth/user 200 in 1ms :: {"username":"testuser","name":"Test User","ema…
7:44:53 AM [express] GET /api/auth/user 200 in 2ms :: {"username":"testuser","name":"Test User","ema…
